Log file open, 05/22/20 01:24:35
LogInit: Display: Running engine for game: PinballTut
LogPlatformFile: Not using cached read wrapper
LogTaskGraph: Started task graph with 5 named threads and 23 total threads with 3 sets of task threads.
LogStats: Stats thread started at 0.395326
LogD3D11RHI: Loaded GFSDK_Aftermath_Lib.x64.dll
LogICUInternationalization: ICU TimeZone Detection - Raw Offset: +1:00, Platform Override: ''
LogPluginManager: Mounting plugin Paper2D
LogPluginManager: Mounting plugin AISupport
LogPluginManager: Mounting plugin LightPropagationVolume
LogPluginManager: Mounting plugin CameraShakePreviewer
LogPluginManager: Mounting plugin ActorLayerUtilities
LogPluginManager: Mounting plugin AnimationSharing
LogPluginManager: Mounting plugin CLionSourceCodeAccess
LogPluginManager: Mounting plugin CodeLiteSourceCodeAccess
LogPluginManager: Mounting plugin GitSourceControl
LogPluginManager: Mounting plugin KDevelopSourceCodeAccess
LogPluginManager: Mounting plugin NullSourceCodeAccess
LogPluginManager: Mounting plugin PerforceSourceControl
LogPluginManager: Mounting plugin PlasticSourceControl
LogPluginManager: Mounting plugin RiderSourceCodeAccess
LogPluginManager: Mounting plugin SubversionSourceControl
LogPluginManager: Mounting plugin UObjectPlugin
LogPluginManager: Mounting plugin VisualStudioCodeSourceCodeAccess
LogPluginManager: Mounting plugin VisualStudioSourceCodeAccess
LogPluginManager: Mounting plugin XCodeSourceCodeAccess
LogPluginManager: Mounting plugin AssetManagerEditor
LogPluginManager: Mounting plugin CryptoKeys
LogPluginManager: Mounting plugin CurveEditorTools
LogPluginManager: Mounting plugin DataValidation
LogPluginManager: Mounting plugin EditorScriptingUtilities
LogPluginManager: Mounting plugin FacialAnimation
LogPluginManager: Mounting plugin GameplayTagsEditor
LogPluginManager: Mounting plugin GeometryMode
LogPluginManager: Mounting plugin MacGraphicsSwitching
LogPluginManager: Mounting plugin MaterialAnalyzer
LogPluginManager: Mounting plugin MobileLauncherProfileWizard
LogPluginManager: Mounting plugin PluginBrowser
LogPluginManager: Mounting plugin SpeedTreeImporter
LogPluginManager: Mounting plugin DatasmithContent
LogPluginManager: Mounting plugin VariantManagerContent
LogPluginManager: Mounting plugin AlembicImporter
LogPluginManager: Mounting plugin AutomationUtils
LogPluginManager: Mounting plugin BackChannel
LogPluginManager: Mounting plugin ChaosCloth
LogPluginManager: Mounting plugin ChaosClothEditor
LogPluginManager: Mounting plugin ChaosEditor
LogPluginManager: Mounting plugin ChaosNiagara
LogPluginManager: Mounting plugin ChaosSolverPlugin
LogPluginManager: Mounting plugin CharacterAI
LogPluginManager: Mounting plugin GeometryCache
LogPluginManager: Mounting plugin GeometryCollectionPlugin
LogPluginManager: Mounting plugin GeometryProcessing
LogPluginManager: Mounting plugin PlanarCut
LogPluginManager: Mounting plugin PlatformCrypto
LogPluginManager: Mounting plugin ProxyLODPlugin
LogPluginManager: Mounting plugin SkeletalReduction
LogPluginManager: Mounting plugin Niagara
LogPluginManager: Mounting plugin MagicLeap
LogPluginManager: Mounting plugin MagicLeapLightEstimation
LogPluginManager: Mounting plugin MagicLeapMedia
LogPluginManager: Mounting plugin MagicLeapPassableWorld
LogPluginManager: Mounting plugin MLSDK
LogPluginManager: Mounting plugin AndroidMedia
LogPluginManager: Mounting plugin AvfMedia
LogPluginManager: Mounting plugin ImgMedia
LogPluginManager: Mounting plugin MediaCompositing
LogPluginManager: Mounting plugin MediaPlayerEditor
LogPluginManager: Mounting plugin WebMMedia
LogPluginManager: Mounting plugin WmfMedia
LogPluginManager: Mounting plugin MeshPainting
LogPluginManager: Mounting plugin TcpMessaging
LogPluginManager: Mounting plugin UdpMessaging
LogPluginManager: Mounting plugin ActorSequence
LogPluginManager: Mounting plugin LevelSequenceEditor
LogPluginManager: Mounting plugin MatineeToLevelSequence
LogPluginManager: Mounting plugin MovieRenderPipeline
LogPluginManager: Mounting plugin TemplateSequence
LogPluginManager: Mounting plugin NetcodeUnitTest
LogPluginManager: Mounting plugin NUTUnrealEngine4
LogPluginManager: Mounting plugin OnlineSubsystemGooglePlay
LogPluginManager: Mounting plugin OnlineSubsystemIOS
LogPluginManager: Mounting plugin OnlineSubsystem
LogPluginManager: Mounting plugin OnlineSubsystemNull
LogPluginManager: Mounting plugin OnlineSubsystemUtils
LogPluginManager: Mounting plugin LauncherChunkInstaller
LogPluginManager: Mounting plugin AndroidDeviceProfileSelector
LogPluginManager: Mounting plugin AndroidMoviePlayer
LogPluginManager: Mounting plugin AndroidPermission
LogPluginManager: Mounting plugin AppleImageUtils
LogPluginManager: Mounting plugin AppleMoviePlayer
LogPluginManager: Mounting plugin ArchVisCharacter
LogPluginManager: Mounting plugin AssetTags
LogPluginManager: Mounting plugin AudioCapture
LogPluginManager: Mounting plugin CableComponent
LogPluginManager: Mounting plugin CustomMeshComponent
LogPluginManager: Mounting plugin EditableMesh
LogPluginManager: Mounting plugin ExampleDeviceProfileSelector
LogPluginManager: Mounting plugin GoogleCloudMessaging
LogPluginManager: Mounting plugin GooglePAD
LogPluginManager: Mounting plugin IOSDeviceProfileSelector
LogPluginManager: Mounting plugin LinuxDeviceProfileSelector
LogPluginManager: Mounting plugin LocationServicesBPLibrary
LogPluginManager: Mounting plugin MobilePatchingUtils
LogPluginManager: Mounting plugin OculusVR
LogPluginManager: Mounting plugin PhysXVehicles
LogPluginManager: Mounting plugin PostSplashScreen
LogPluginManager: Mounting plugin ProceduralMeshComponent
LogPluginManager: Mounting plugin RuntimePhysXCooking
LogPluginManager: Mounting plugin SignificanceManager
LogPluginManager: Mounting plugin SoundFields
LogPluginManager: Mounting plugin SteamVR
LogPluginManager: Mounting plugin Synthesis
LogPluginManager: Mounting plugin WebMMoviePlayer
LogPluginManager: Mounting plugin WindowsMoviePlayer
LogPluginManager: Mounting plugin ScreenshotTools
LogInit: Using libcurl 7.55.1-DEV
LogInit:  - built for x86_64-pc-win32
LogInit:  - supports SSL with OpenSSL/1.1.1
LogInit:  - supports HTTP deflate (compression) using libz 1.2.8
LogInit:  - other features:
LogInit:      CURL_VERSION_SSL
LogInit:      CURL_VERSION_LIBZ
LogInit:      CURL_VERSION_IPV6
LogInit:      CURL_VERSION_ASYNCHDNS
LogInit:      CURL_VERSION_LARGEFILE
LogInit:      CURL_VERSION_IDN
LogInit:  CurlRequestOptions (configurable via config and command line):
LogInit:  - bVerifyPeer = true  - Libcurl will verify peer certificate
LogInit:  - bUseHttpProxy = false  - Libcurl will NOT use HTTP proxy
LogInit:  - bDontReuseConnections = false  - Libcurl will reuse connections
LogInit:  - MaxHostConnections = 16  - Libcurl will limit the number of connections to a host
LogInit:  - LocalHostAddr = Default
LogInit:  - BufferSize = 65536
LogOnline: OSS: Creating online subsystem instance for: NULL
LogInit: WinSock: version 1.1 (2.2), MaxSocks=32767, MaxUdp=65467
LogOnline: OSS: TryLoadSubsystemAndSetDefault: Loaded subsystem for module [NULL]
LogInit: Build: ++UE4+Release-4.25-CL-13144385
LogInit: Engine Version: 4.25.0-13144385+++UE4+Release-4.25
LogInit: Compatible Engine Version: 4.25.0-13144385+++UE4+Release-4.25
LogInit: Net CL: 13144385
LogInit: OS: Windows 10 (Release 1809) (), CPU: Intel(R) Core(TM) i5-8350U CPU @ 1.70GHz, GPU: Intel(R) UHD Graphics 620
LogInit: Compiled (64-bit): May  2 2020 02:12:11
LogInit: Compiled with Visual C++: 19.24.28315.00
LogInit: Build Configuration: Development
LogInit: Branch Name: ++UE4+Release-4.25
LogInit: Command Line: 
LogInit: Base Directory: C:/Program Files/Epic Games/UE_4.25/Engine/Binaries/Win64/
LogInit: Allocator: TBB
LogInit: Installed Engine Build: 1
LogDevObjectVersion: Number of dev versions registered: 26
LogDevObjectVersion:   Dev-Blueprints (B0D832E4-1F89-4F0D-ACCF-7EB736FD4AA2): 10
LogDevObjectVersion:   Dev-Build (E1C64328-A22C-4D53-A36C-8E866417BD8C): 0
LogDevObjectVersion:   Dev-Core (375EC13C-06E4-48FB-B500-84F0262A717E): 4
LogDevObjectVersion:   Dev-Editor (E4B068ED-F494-42E9-A231-DA0B2E46BB41): 38
LogDevObjectVersion:   Dev-Framework (CFFC743F-43B0-4480-9391-14DF171D2073): 37
LogDevObjectVersion:   Dev-Mobile (B02B49B5-BB20-44E9-A304-32B752E40360): 2
LogDevObjectVersion:   Dev-Networking (A4E4105C-59A1-49B5-A7C5-40C4547EDFEE): 0
LogDevObjectVersion:   Dev-Online (39C831C9-5AE6-47DC-9A44-9C173E1C8E7C): 0
LogDevObjectVersion:   Dev-Physics (78F01B33-EBEA-4F98-B9B4-84EACCB95AA2): 4
LogDevObjectVersion:   Dev-Platform (6631380F-2D4D-43E0-8009-CF276956A95A): 0
LogDevObjectVersion:   Dev-Rendering (12F88B9F-8875-4AFC-A67C-D90C383ABD29): 43
LogDevObjectVersion:   Dev-Sequencer (7B5AE74C-D270-4C10-A958-57980B212A5A): 12
LogDevObjectVersion:   Dev-VR (D7296918-1DD6-4BDD-9DE2-64A83CC13884): 3
LogDevObjectVersion:   Dev-LoadTimes (C2A15278-BFE7-4AFE-6C17-90FF531DF755): 1
LogDevObjectVersion:   Private-Geometry (6EACA3D4-40EC-4CC1-B786-8BED09428FC5): 3
LogDevObjectVersion:   Dev-AnimPhys (29E575DD-E0A3-4627-9D10-D276232CDCEA): 17
LogDevObjectVersion:   Dev-Anim (AF43A65D-7FD3-4947-9873-3E8ED9C1BB05): 7
LogDevObjectVersion:   Dev-ReflectionCapture (6B266CEC-1EC7-4B8F-A30B-E4D90942FC07): 1
LogDevObjectVersion:   Dev-Automation (0DF73D61-A23F-47EA-B727-89E90C41499A): 1
LogDevObjectVersion:   FortniteMain (601D1886-AC64-4F84-AA16-D3DE0DEAC7D6): 31
LogDevObjectVersion:   Dev-Enterprise (9DFFBCD6-494F-0158-E221-12823C92A888): 10
LogDevObjectVersion:   Dev-Niagara (F2AED0AC-9AFE-416F-8664-AA7FFA26D6FC): 1
LogDevObjectVersion:   Dev-Destruction (174F1F0B-B4C6-45A5-B13F-2EE8D0FB917D): 10
LogDevObjectVersion:   Dev-Physics-Ext (35F94A83-E258-406C-A318-09F59610247C): 37
LogDevObjectVersion:   Dev-PhysicsMaterial-Chaos (B68FC16E-8B1B-42E2-B453-215C058844FE): 1
LogDevObjectVersion:   Dev-CineCamera (B2E18506-4273-CFC2-A54E-F4BB758BBA07): 1
LogInit: Presizing for max 25165824 objects, including 0 objects not considered by GC, pre-allocating 0 bytes for permanent pool.
LogConfig: Applying CVar settings from Section [/Script/Engine.StreamingSettings] File [C:/Users/joaoamatos/Documents/Unreal Projects/PinballTut/Saved/Config/Windows/Engine.ini]
LogConfig: Setting CVar [[s.MinBulkDataSizeForAsyncLoading:131072]]
LogConfig: Setting CVar [[s.AsyncLoadingThreadEnabled:0]]
LogConfig: Setting CVar [[s.EventDrivenLoaderEnabled:1]]
LogConfig: Setting CVar [[s.WarnIfTimeLimitExceeded:0]]
LogConfig: Setting CVar [[s.TimeLimitExceededMultiplier:1.5]]
LogConfig: Setting CVar [[s.TimeLimitExceededMinTime:0.005]]
LogConfig: Setting CVar [[s.UseBackgroundLevelStreaming:1]]
LogConfig: Setting CVar [[s.PriorityAsyncLoadingExtraTime:15.0]]
LogConfig: Setting CVar [[s.LevelStreamingActorsUpdateTimeLimit:5.0]]
LogConfig: Setting CVar [[s.PriorityLevelStreamingActorsUpdateExtraTime:5.0]]
LogConfig: Setting CVar [[s.LevelStreamingComponentsRegistrationGranularity:10]]
LogConfig: Setting CVar [[s.UnregisterComponentsTimeLimit:1.0]]
LogConfig: Setting CVar [[s.LevelStreamingComponentsUnregistrationGranularity:5]]
LogConfig: Setting CVar [[s.FlushStreamingOnExit:1]]
LogInit: Object subsystem initialized
LogConfig: Setting CVar [[con.DebugEarlyDefault:1]]
LogConfig: Setting CVar [[r.setres:1280x720]]
[2020.05.21-23.24.37:049][  0]LogConfig: Setting CVar [[r.VSync:0]]
[2020.05.21-23.24.37:049][  0]LogConfig: Setting CVar [[r.RHICmdBypass:0]]
[2020.05.21-23.24.37:049][  0]LogConfig: Applying CVar settings from Section [/Script/Engine.RendererSettings] File [C:/Users/joaoamatos/Documents/Unreal Projects/PinballTut/Saved/Config/Windows/Engine.ini]
[2020.05.21-23.24.37:049][  0]LogConfig: Setting CVar [[r.GPUCrashDebugging:0]]
[2020.05.21-23.24.37:049][  0]LogConfig: Applying CVar settings from Section [/Script/Engine.RendererOverrideSettings] File [C:/Users/joaoamatos/Documents/Unreal Projects/PinballTut/Saved/Config/Windows/Engine.ini]
[2020.05.21-23.24.37:049][  0]LogConfig: Applying CVar settings from Section [/Script/Engine.StreamingSettings] File [C:/Users/joaoamatos/Documents/Unreal Projects/PinballTut/Saved/Config/Windows/Engine.ini]
[2020.05.21-23.24.37:049][  0]LogConfig: Setting CVar [[s.MinBulkDataSizeForAsyncLoading:131072]]
[2020.05.21-23.24.37:049][  0]LogConfig: Setting CVar [[s.AsyncLoadingThreadEnabled:0]]
[2020.05.21-23.24.37:049][  0]LogConfig: Setting CVar [[s.EventDrivenLoaderEnabled:1]]
[2020.05.21-23.24.37:049][  0]LogConfig: Setting CVar [[s.WarnIfTimeLimitExceeded:0]]
[2020.05.21-23.24.37:049][  0]LogConfig: Setting CVar [[s.TimeLimitExceededMultiplier:1.5]]
[2020.05.21-23.24.37:049][  0]LogConfig: Setting CVar [[s.TimeLimitExceededMinTime:0.005]]
[2020.05.21-23.24.37:049][  0]LogConfig: Setting CVar [[s.UseBackgroundLevelStreaming:1]]
[2020.05.21-23.24.37:049][  0]LogConfig: Setting CVar [[s.PriorityAsyncLoadingExtraTime:15.0]]
[2020.05.21-23.24.37:049][  0]LogConfig: Setting CVar [[s.LevelStreamingActorsUpdateTimeLimit:5.0]]
[2020.05.21-23.24.37:049][  0]LogConfig: Setting CVar [[s.PriorityLevelStreamingActorsUpdateExtraTime:5.0]]
[2020.05.21-23.24.37:050][  0]LogConfig: Setting CVar [[s.LevelStreamingComponentsRegistrationGranularity:10]]
[2020.05.21-23.24.37:050][  0]LogConfig: Setting CVar [[s.UnregisterComponentsTimeLimit:1.0]]
[2020.05.21-23.24.37:050][  0]LogConfig: Setting CVar [[s.LevelStreamingComponentsUnregistrationGranularity:5]]
[2020.05.21-23.24.37:050][  0]LogConfig: Setting CVar [[s.FlushStreamingOnExit:1]]
[2020.05.21-23.24.37:050][  0]LogConfig: Applying CVar settings from Section [/Script/Engine.GarbageCollectionSettings] File [C:/Users/joaoamatos/Documents/Unreal Projects/PinballTut/Saved/Config/Windows/Engine.ini]
[2020.05.21-23.24.37:050][  0]LogConfig: Setting CVar [[gc.MaxObjectsNotConsideredByGC:1]]
[2020.05.21-23.24.37:050][  0]LogConfig: Setting CVar [[gc.SizeOfPermanentObjectPool:0]]
[2020.05.21-23.24.37:050][  0]LogConfig: Setting CVar [[gc.FlushStreamingOnGC:0]]
[2020.05.21-23.24.37:050][  0]LogConfig: Setting CVar [[gc.NumRetriesBeforeForcingGC:10]]
[2020.05.21-23.24.37:050][  0]LogConfig: Setting CVar [[gc.AllowParallelGC:1]]
[2020.05.21-23.24.37:050][  0]LogConfig: Setting CVar [[gc.TimeBetweenPurgingPendingKillObjects:61.1]]
[2020.05.21-23.24.37:050][  0]LogConfig: Setting CVar [[gc.MaxObjectsInEditor:25165824]]
[2020.05.21-23.24.37:050][  0]LogConfig: Setting CVar [[gc.IncrementalBeginDestroyEnabled:1]]
[2020.05.21-23.24.37:050][  0]LogConfig: Setting CVar [[gc.CreateGCClusters:1]]
[2020.05.21-23.24.37:050][  0]LogConfig: Setting CVar [[gc.MinGCClusterSize:5]]
[2020.05.21-23.24.37:050][  0]LogConfig: Setting CVar [[gc.ActorClusteringEnabled:0]]
[2020.05.21-23.24.37:050][  0]LogConfig: Setting CVar [[gc.BlueprintClusteringEnabled:0]]
[2020.05.21-23.24.37:050][  0]LogConfig: Setting CVar [[gc.UseDisregardForGCOnDedicatedServers:0]]
[2020.05.21-23.24.37:050][  0]LogConfig: Applying CVar settings from Section [/Script/Engine.NetworkSettings] File [C:/Users/joaoamatos/Documents/Unreal Projects/PinballTut/Saved/Config/Windows/Engine.ini]
[2020.05.21-23.24.37:050][  0]LogConfig: Applying CVar settings from Section [/Script/UnrealEd.CookerSettings] File [C:/Users/joaoamatos/Documents/Unreal Projects/PinballTut/Saved/Config/Windows/Engine.ini]
[2020.05.21-23.24.37:061][  0]LogConfig: Applying CVar settings from Section [ViewDistanceQuality@3] File [C:/Users/joaoamatos/Documents/Unreal Projects/PinballTut/Saved/Config/Windows/Scalability.ini]
[2020.05.21-23.24.37:061][  0]LogConfig: Setting CVar [[r.SkeletalMeshLODBias:0]]
[2020.05.21-23.24.37:061][  0]LogConfig: Setting CVar [[r.ViewDistanceScale:1.0]]
[2020.05.21-23.24.37:061][  0]LogConfig: Applying CVar settings from Section [AntiAliasingQuality@3] File [C:/Users/joaoamatos/Documents/Unreal Projects/PinballTut/Saved/Config/Windows/Scalability.ini]
[2020.05.21-23.24.37:061][  0]LogConfig: Setting CVar [[r.PostProcessAAQuality:4]]
[2020.05.21-23.24.37:061][  0]LogConfig: Applying CVar settings from Section [ShadowQuality@3] File [C:/Users/joaoamatos/Documents/Unreal Projects/PinballTut/Saved/Config/Windows/Scalability.ini]
[2020.05.21-23.24.37:061][  0]LogConfig: Setting CVar [[r.LightFunctionQuality:1]]
[2020.05.21-23.24.37:061][  0]LogConfig: Setting CVar [[r.ShadowQuality:5]]
[2020.05.21-23.24.37:061][  0]LogConfig: Setting CVar [[r.Shadow.CSM.MaxCascades:10]]
[2020.05.21-23.24.37:061][  0]LogConfig: Setting CVar [[r.Shadow.MaxResolution:2048]]
[2020.05.21-23.24.37:061][  0]LogConfig: Setting CVar [[r.Shadow.MaxCSMResolution:2048]]
[2020.05.21-23.24.37:061][  0]LogConfig: Setting CVar [[r.Shadow.RadiusThreshold:0.01]]
[2020.05.21-23.24.37:061][  0]LogConfig: Setting CVar [[r.Shadow.DistanceScale:1.0]]
[2020.05.21-23.24.37:061][  0]LogConfig: Setting CVar [[r.Shadow.CSM.TransitionScale:1.0]]
[2020.05.21-23.24.37:061][  0]LogConfig: Setting CVar [[r.Shadow.PreShadowResolutionFactor:1.0]]
[2020.05.21-23.24.37:061][  0]LogConfig: Setting CVar [[r.DistanceFieldShadowing:1]]
[2020.05.21-23.24.37:061][  0]LogConfig: Setting CVar [[r.DistanceFieldAO:1]]
[2020.05.21-23.24.37:061][  0]LogConfig: Setting CVar [[r.AOQuality:2]]
[2020.05.21-23.24.37:061][  0]LogConfig: Setting CVar [[r.VolumetricFog:1]]
[2020.05.21-23.24.37:061][  0]LogConfig: Setting CVar [[r.VolumetricFog.GridPixelSize:8]]
[2020.05.21-23.24.37:061][  0]LogConfig: Setting CVar [[r.VolumetricFog.GridSizeZ:128]]
[2020.05.21-23.24.37:061][  0]LogConfig: Setting CVar [[r.VolumetricFog.HistoryMissSupersampleCount:4]]
[2020.05.21-23.24.37:061][  0]LogConfig: Setting CVar [[r.LightMaxDrawDistanceScale:1]]
[2020.05.21-23.24.37:061][  0]LogConfig: Setting CVar [[r.CapsuleShadows:1]]
[2020.05.21-23.24.37:061][  0]LogConfig: Applying CVar settings from Section [PostProcessQuality@3] File [C:/Users/joaoamatos/Documents/Unreal Projects/PinballTut/Saved/Config/Windows/Scalability.ini]
[2020.05.21-23.24.37:061][  0]LogConfig: Setting CVar [[r.MotionBlurQuality:4]]
[2020.05.21-23.24.37:061][  0]LogConfig: Setting CVar [[r.AmbientOcclusionMipLevelFactor:0.4]]
[2020.05.21-23.24.37:061][  0]LogConfig: Setting CVar [[r.AmbientOcclusionMaxQuality:100]]
[2020.05.21-23.24.37:061][  0]LogConfig: Setting CVar [[r.AmbientOcclusionLevels:-1]]
[2020.05.21-23.24.37:061][  0]LogConfig: Setting CVar [[r.AmbientOcclusionRadiusScale:1.0]]
[2020.05.21-23.24.37:061][  0]LogConfig: Setting CVar [[r.DepthOfFieldQuality:2]]
[2020.05.21-23.24.37:062][  0]LogConfig: Setting CVar [[r.RenderTargetPoolMin:400]]
[2020.05.21-23.24.37:062][  0]LogConfig: Setting CVar [[r.LensFlareQuality:2]]
[2020.05.21-23.24.37:062][  0]LogConfig: Setting CVar [[r.SceneColorFringeQuality:1]]
[2020.05.21-23.24.37:062][  0]LogConfig: Setting CVar [[r.EyeAdaptationQuality:2]]
[2020.05.21-23.24.37:062][  0]LogConfig: Setting CVar [[r.BloomQuality:5]]
[2020.05.21-23.24.37:062][  0]LogConfig: Setting CVar [[r.FastBlurThreshold:100]]
[2020.05.21-23.24.37:062][  0]LogConfig: Setting CVar [[r.Upscale.Quality:3]]
[2020.05.21-23.24.37:062][  0]LogConfig: Setting CVar [[r.Tonemapper.GrainQuantization:1]]
[2020.05.21-23.24.37:062][  0]LogConfig: Setting CVar [[r.LightShaftQuality:1]]
[2020.05.21-23.24.37:062][  0]LogConfig: Setting CVar [[r.Filter.SizeScale:1]]
[2020.05.21-23.24.37:062][  0]LogConfig: Setting CVar [[r.Tonemapper.Quality:5]]
[2020.05.21-23.24.37:062][  0]LogConfig: Setting CVar [[r.DOF.Gather.AccumulatorQuality:1        ; higher gathering accumulator quality]]
[2020.05.21-23.24.37:062][  0]LogConfig: Setting CVar [[r.DOF.Gather.PostfilterMethod:1          ; Median3x3 postfilering method]]
[2020.05.21-23.24.37:062][  0]LogConfig: Setting CVar [[r.DOF.Gather.EnableBokehSettings:0       ; no bokeh simulation when gathering]]
[2020.05.21-23.24.37:062][  0]LogConfig: Setting CVar [[r.DOF.Gather.RingCount:4                 ; medium number of samples when gathering]]
[2020.05.21-23.24.37:062][  0]LogConfig: Setting CVar [[r.DOF.Scatter.ForegroundCompositing:1    ; additive foreground scattering]]
[2020.05.21-23.24.37:062][  0]LogConfig: Setting CVar [[r.DOF.Scatter.BackgroundCompositing:2    ; additive background scattering]]
[2020.05.21-23.24.37:062][  0]LogConfig: Setting CVar [[r.DOF.Scatter.EnableBokehSettings:1      ; bokeh simulation when scattering]]
[2020.05.21-23.24.37:062][  0]LogConfig: Setting CVar [[r.DOF.Scatter.MaxSpriteRatio:0.1         ; only a maximum of 10% of scattered bokeh]]
[2020.05.21-23.24.37:062][  0]LogConfig: Setting CVar [[r.DOF.Recombine.Quality:1                ; cheap slight out of focus]]
[2020.05.21-23.24.37:062][  0]LogConfig: Setting CVar [[r.DOF.Recombine.EnableBokehSettings:0    ; no bokeh simulation on slight out of focus]]
[2020.05.21-23.24.37:062][  0]LogConfig: Setting CVar [[r.DOF.TemporalAAQuality:1                ; more stable temporal accumulation]]
[2020.05.21-23.24.37:062][  0]LogConfig: Setting CVar [[r.DOF.Kernel.MaxForegroundRadius:0.025]]
[2020.05.21-23.24.37:062][  0]LogConfig: Setting CVar [[r.DOF.Kernel.MaxBackgroundRadius:0.025]]
[2020.05.21-23.24.37:062][  0]LogConfig: Applying CVar settings from Section [TextureQuality@3] File [C:/Users/joaoamatos/Documents/Unreal Projects/PinballTut/Saved/Config/Windows/Scalability.ini]
[2020.05.21-23.24.37:062][  0]LogConfig: Setting CVar [[r.Streaming.MipBias:0]]
[2020.05.21-23.24.37:062][  0]LogConfig: Setting CVar [[r.Streaming.AmortizeCPUToGPUCopy:0]]
[2020.05.21-23.24.37:062][  0]LogConfig: Setting CVar [[r.Streaming.MaxNumTexturesToStreamPerFrame:0]]
[2020.05.21-23.24.37:062][  0]LogConfig: Setting CVar [[r.Streaming.Boost:1]]
[2020.05.21-23.24.37:062][  0]LogConfig: Setting CVar [[r.MaxAnisotropy:8]]
[2020.05.21-23.24.37:062][  0]LogConfig: Setting CVar [[r.VT.MaxAnisotropy:8]]
[2020.05.21-23.24.37:062][  0]LogConfig: Setting CVar [[r.Streaming.LimitPoolSizeToVRAM:0]]
[2020.05.21-23.24.37:062][  0]LogConfig: Setting CVar [[r.Streaming.PoolSize:1000]]
[2020.05.21-23.24.37:062][  0]LogConfig: Setting CVar [[r.Streaming.MaxEffectiveScreenSize:0]]
[2020.05.21-23.24.37:062][  0]LogConfig: Applying CVar settings from Section [EffectsQuality@3] File [C:/Users/joaoamatos/Documents/Unreal Projects/PinballTut/Saved/Config/Windows/Scalability.ini]
[2020.05.21-23.24.37:062][  0]LogConfig: Setting CVar [[r.TranslucencyLightingVolumeDim:64]]
[2020.05.21-23.24.37:063][  0]LogConfig: Setting CVar [[r.RefractionQuality:2]]
[2020.05.21-23.24.37:063][  0]LogConfig: Setting CVar [[r.SSR.Quality:3]]
[2020.05.21-23.24.37:063][  0]LogConfig: Setting CVar [[r.SSR.HalfResSceneColor:0]]
[2020.05.21-23.24.37:063][  0]LogConfig: Setting CVar [[r.SceneColorFormat:4]]
[2020.05.21-23.24.37:063][  0]LogConfig: Setting CVar [[r.DetailMode:2]]
[2020.05.21-23.24.37:063][  0]LogConfig: Setting CVar [[r.TranslucencyVolumeBlur:1]]
[2020.05.21-23.24.37:063][  0]LogConfig: Setting CVar [[r.MaterialQualityLevel:1 ; High quality]]
[2020.05.21-23.24.37:063][  0]LogConfig: Setting CVar [[r.SSS.Scale:1]]
[2020.05.21-23.24.37:063][  0]LogConfig: Setting CVar [[r.SSS.SampleSet:2]]
[2020.05.21-23.24.37:063][  0]LogConfig: Setting CVar [[r.SSS.Quality:1]]
[2020.05.21-23.24.37:063][  0]LogConfig: Setting CVar [[r.SSS.HalfRes:0]]
[2020.05.21-23.24.37:063][  0]LogConfig: Setting CVar [[r.SSGI.Quality:3]]
[2020.05.21-23.24.37:063][  0]LogConfig: Setting CVar [[r.EmitterSpawnRateScale:1.0]]
[2020.05.21-23.24.37:063][  0]LogConfig: Setting CVar [[r.ParticleLightQuality:2]]
[2020.05.21-23.24.37:063][  0]LogConfig: Setting CVar [[r.SkyAtmosphere.AerialPerspectiveLUT.FastApplyOnOpaque:1 ; Always have FastSkyLUT 1 in this case to avoid wrong sky]]
[2020.05.21-23.24.37:063][  0]LogConfig: Setting CVar [[r.SkyAtmosphere.AerialPerspectiveLUT.SampleCountPerSlice:1]]
[2020.05.21-23.24.37:063][  0]LogConfig: Setting CVar [[r.SkyAtmosphere.AerialPerspectiveLUT.DepthResolution:16.0]]
[2020.05.21-23.24.37:063][  0]LogConfig: Setting CVar [[r.SkyAtmosphere.FastSkyLUT:1]]
[2020.05.21-23.24.37:063][  0]LogConfig: Setting CVar [[r.SkyAtmosphere.FastSkyLUT.SampleCountMin:4.0]]
[2020.05.21-23.24.37:063][  0]LogConfig: Setting CVar [[r.SkyAtmosphere.FastSkyLUT.SampleCountMax:32.0]]
[2020.05.21-23.24.37:063][  0]LogConfig: Setting CVar [[r.SkyAtmosphere.SampleCountMin:4.0]]
[2020.05.21-23.24.37:063][  0]LogConfig: Setting CVar [[r.SkyAtmosphere.SampleCountMax:32.0]]
[2020.05.21-23.24.37:063][  0]LogConfig: Setting CVar [[r.SkyAtmosphere.TransmittanceLUT.UseSmallFormat:0]]
[2020.05.21-23.24.37:063][  0]LogConfig: Setting CVar [[r.SkyAtmosphere.TransmittanceLUT.SampleCount:10.0]]
[2020.05.21-23.24.37:063][  0]LogConfig: Setting CVar [[r.SkyAtmosphere.MultiScatteringLUT.SampleCount:15.0]]
[2020.05.21-23.24.37:063][  0]LogConfig: Applying CVar settings from Section [FoliageQuality@3] File [C:/Users/joaoamatos/Documents/Unreal Projects/PinballTut/Saved/Config/Windows/Scalability.ini]
[2020.05.21-23.24.37:063][  0]LogConfig: Setting CVar [[foliage.DensityScale:1.0]]
[2020.05.21-23.24.37:063][  0]LogConfig: Setting CVar [[grass.DensityScale:1.0]]
[2020.05.21-23.24.37:063][  0]LogConfig: Applying CVar settings from Section [ShadingQuality@3] File [C:/Users/joaoamatos/Documents/Unreal Projects/PinballTut/Saved/Config/Windows/Scalability.ini]
[2020.05.21-23.24.37:063][  0]LogConfig: Setting CVar [[r.HairStrands.SkyLighting.SampleCount:16]]
[2020.05.21-23.24.37:063][  0]LogConfig: Setting CVar [[r.HairStrands.SkyLighting.JitterIntegration:0]]
[2020.05.21-23.24.37:063][  0]LogConfig: Setting CVar [[r.HairStrands.SkyAO.SampleCount:16]]
[2020.05.21-23.24.37:063][  0]LogConfig: Setting CVar [[r.HairStrands.DeepShadow.SuperSampling:0]]
[2020.05.21-23.24.37:063][  0]LogConfig: Setting CVar [[r.HairStrands.VisibilityPPLL:0]]
[2020.05.21-23.24.37:063][  0]LogConfig: Setting CVar [[r.HairStrands.RasterizationScale:0.5]]
[2020.05.21-23.24.37:063][  0]LogConfig: Setting CVar [[r.HairStrands.VelocityRasterizationScale:1]]
[2020.05.21-23.24.37:064][  0]LogInit: Selected Device Profile: [Windows]
[2020.05.21-23.24.37:064][  0]LogInit: Applying CVar settings loaded from the selected device profile: [Windows]
[2020.05.21-23.24.37:064][  0]LogHAL: Display: Platform has ~ 16 GB [17044111360 / 17179869184 / 16], which maps to Larger [LargestMinGB=32, LargerMinGB=12, DefaultMinGB=8, SmallerMinGB=6, SmallestMinGB=0)
[2020.05.21-23.24.37:064][  0]LogInit: Going up to parent DeviceProfile []
[2020.05.21-23.24.37:064][  0]LogConfig: Applying CVar settings from Section [ViewDistanceQuality@3] File [C:/Users/joaoamatos/Documents/Unreal Projects/PinballTut/Saved/Config/Windows/Scalability.ini]
[2020.05.21-23.24.37:064][  0]LogConfig: Setting CVar [[r.SkeletalMeshLODBias:0]]
[2020.05.21-23.24.37:064][  0]LogConfig: Setting CVar [[r.ViewDistanceScale:1.0]]
[2020.05.21-23.24.37:064][  0]LogConfig: Applying CVar settings from Section [AntiAliasingQuality@3] File [C:/Users/joaoamatos/Documents/Unreal Projects/PinballTut/Saved/Config/Windows/Scalability.ini]
[2020.05.21-23.24.37:064][  0]LogConfig: Setting CVar [[r.PostProcessAAQuality:4]]
[2020.05.21-23.24.37:064][  0]LogConfig: Applying CVar settings from Section [ShadowQuality@3] File [C:/Users/joaoamatos/Documents/Unreal Projects/PinballTut/Saved/Config/Windows/Scalability.ini]
[2020.05.21-23.24.37:064][  0]LogConfig: Setting CVar [[r.LightFunctionQuality:1]]
[2020.05.21-23.24.37:064][  0]LogConfig: Setting CVar [[r.ShadowQuality:5]]
[2020.05.21-23.24.37:064][  0]LogConfig: Setting CVar [[r.Shadow.CSM.MaxCascades:10]]
[2020.05.21-23.24.37:064][  0]LogConfig: Setting CVar [[r.Shadow.MaxResolution:2048]]
[2020.05.21-23.24.37:064][  0]LogConfig: Setting CVar [[r.Shadow.MaxCSMResolution:2048]]
[2020.05.21-23.24.37:064][  0]LogConfig: Setting CVar [[r.Shadow.RadiusThreshold:0.01]]
[2020.05.21-23.24.37:064][  0]LogConfig: Setting CVar [[r.Shadow.DistanceScale:1.0]]
[2020.05.21-23.24.37:064][  0]LogConfig: Setting CVar [[r.Shadow.CSM.TransitionScale:1.0]]
[2020.05.21-23.24.37:064][  0]LogConfig: Setting CVar [[r.Shadow.PreShadowResolutionFactor:1.0]]
[2020.05.21-23.24.37:064][  0]LogConfig: Setting CVar [[r.DistanceFieldShadowing:1]]
[2020.05.21-23.24.37:064][  0]LogConfig: Setting CVar [[r.DistanceFieldAO:1]]
[2020.05.21-23.24.37:064][  0]LogConfig: Setting CVar [[r.AOQuality:2]]
[2020.05.21-23.24.37:064][  0]LogConfig: Setting CVar [[r.VolumetricFog:1]]
[2020.05.21-23.24.37:064][  0]LogConfig: Setting CVar [[r.VolumetricFog.GridPixelSize:8]]
[2020.05.21-23.24.37:064][  0]LogConfig: Setting CVar [[r.VolumetricFog.GridSizeZ:128]]
[2020.05.21-23.24.37:064][  0]LogConfig: Setting CVar [[r.VolumetricFog.HistoryMissSupersampleCount:4]]
[2020.05.21-23.24.37:064][  0]LogConfig: Setting CVar [[r.LightMaxDrawDistanceScale:1]]
[2020.05.21-23.24.37:064][  0]LogConfig: Setting CVar [[r.CapsuleShadows:1]]
[2020.05.21-23.24.37:064][  0]LogConfig: Applying CVar settings from Section [PostProcessQuality@3] File [C:/Users/joaoamatos/Documents/Unreal Projects/PinballTut/Saved/Config/Windows/Scalability.ini]
[2020.05.21-23.24.37:064][  0]LogConfig: Setting CVar [[r.MotionBlurQuality:4]]
[2020.05.21-23.24.37:064][  0]LogConfig: Setting CVar [[r.AmbientOcclusionMipLevelFactor:0.4]]
[2020.05.21-23.24.37:064][  0]LogConfig: Setting CVar [[r.AmbientOcclusionMaxQuality:100]]
[2020.05.21-23.24.37:065][  0]LogConfig: Setting CVar [[r.AmbientOcclusionLevels:-1]]
[2020.05.21-23.24.37:065][  0]LogConfig: Setting CVar [[r.AmbientOcclusionRadiusScale:1.0]]
[2020.05.21-23.24.37:065][  0]LogConfig: Setting CVar [[r.DepthOfFieldQuality:2]]
[2020.05.21-23.24.37:065][  0]LogConfig: Setting CVar [[r.RenderTargetPoolMin:400]]
[2020.05.21-23.24.37:065][  0]LogConfig: Setting CVar [[r.LensFlareQuality:2]]
[2020.05.21-23.24.37:065][  0]LogConfig: Setting CVar [[r.SceneColorFringeQuality:1]]
[2020.05.21-23.24.37:065][  0]LogConfig: Setting CVar [[r.EyeAdaptationQuality:2]]
[2020.05.21-23.24.37:065][  0]LogConfig: Setting CVar [[r.BloomQuality:5]]
[2020.05.21-23.24.37:065][  0]LogConfig: Setting CVar [[r.FastBlurThreshold:100]]
[2020.05.21-23.24.37:065][  0]LogConfig: Setting CVar [[r.Upscale.Quality:3]]
[2020.05.21-23.24.37:065][  0]LogConfig: Setting CVar [[r.Tonemapper.GrainQuantization:1]]
[2020.05.21-23.24.37:065][  0]LogConfig: Setting CVar [[r.LightShaftQuality:1]]
[2020.05.21-23.24.37:065][  0]LogConfig: Setting CVar [[r.Filter.SizeScale:1]]
[2020.05.21-23.24.37:065][  0]LogConfig: Setting CVar [[r.Tonemapper.Quality:5]]
[2020.05.21-23.24.37:065][  0]LogConfig: Setting CVar [[r.DOF.Gather.AccumulatorQuality:1        ; higher gathering accumulator quality]]
[2020.05.21-23.24.37:065][  0]LogConfig: Setting CVar [[r.DOF.Gather.PostfilterMethod:1          ; Median3x3 postfilering method]]
[2020.05.21-23.24.37:065][  0]LogConfig: Setting CVar [[r.DOF.Gather.EnableBokehSettings:0       ; no bokeh simulation when gathering]]
[2020.05.21-23.24.37:065][  0]LogConfig: Setting CVar [[r.DOF.Gather.RingCount:4                 ; medium number of samples when gathering]]
[2020.05.21-23.24.37:065][  0]LogConfig: Setting CVar [[r.DOF.Scatter.ForegroundCompositing:1    ; additive foreground scattering]]
[2020.05.21-23.24.37:065][  0]LogConfig: Setting CVar [[r.DOF.Scatter.BackgroundCompositing:2    ; additive background scattering]]
[2020.05.21-23.24.37:065][  0]LogConfig: Setting CVar [[r.DOF.Scatter.EnableBokehSettings:1      ; bokeh simulation when scattering]]
[2020.05.21-23.24.37:065][  0]LogConfig: Setting CVar [[r.DOF.Scatter.MaxSpriteRatio:0.1         ; only a maximum of 10% of scattered bokeh]]
[2020.05.21-23.24.37:065][  0]LogConfig: Setting CVar [[r.DOF.Recombine.Quality:1                ; cheap slight out of focus]]
[2020.05.21-23.24.37:065][  0]LogConfig: Setting CVar [[r.DOF.Recombine.EnableBokehSettings:0    ; no bokeh simulation on slight out of focus]]
[2020.05.21-23.24.37:065][  0]LogConfig: Setting CVar [[r.DOF.TemporalAAQuality:1                ; more stable temporal accumulation]]
[2020.05.21-23.24.37:065][  0]LogConfig: Setting CVar [[r.DOF.Kernel.MaxForegroundRadius:0.025]]
[2020.05.21-23.24.37:065][  0]LogConfig: Setting CVar [[r.DOF.Kernel.MaxBackgroundRadius:0.025]]
[2020.05.21-23.24.37:065][  0]LogConfig: Applying CVar settings from Section [TextureQuality@3] File [C:/Users/joaoamatos/Documents/Unreal Projects/PinballTut/Saved/Config/Windows/Scalability.ini]
[2020.05.21-23.24.37:065][  0]LogConfig: Setting CVar [[r.Streaming.MipBias:0]]
[2020.05.21-23.24.37:065][  0]LogConfig: Setting CVar [[r.Streaming.AmortizeCPUToGPUCopy:0]]
[2020.05.21-23.24.37:065][  0]LogConfig: Setting CVar [[r.Streaming.MaxNumTexturesToStreamPerFrame:0]]
[2020.05.21-23.24.37:065][  0]LogConfig: Setting CVar [[r.Streaming.Boost:1]]
[2020.05.21-23.24.37:065][  0]LogConfig: Setting CVar [[r.MaxAnisotropy:8]]
[2020.05.21-23.24.37:065][  0]LogConfig: Setting CVar [[r.VT.MaxAnisotropy:8]]
[2020.05.21-23.24.37:065][  0]LogConfig: Setting CVar [[r.Streaming.LimitPoolSizeToVRAM:0]]
[2020.05.21-23.24.37:065][  0]LogConfig: Setting CVar [[r.Streaming.PoolSize:1000]]
[2020.05.21-23.24.37:065][  0]LogConfig: Setting CVar [[r.Streaming.MaxEffectiveScreenSize:0]]
[2020.05.21-23.24.37:065][  0]LogConfig: Applying CVar settings from Section [EffectsQuality@3] File [C:/Users/joaoamatos/Documents/Unreal Projects/PinballTut/Saved/Config/Windows/Scalability.ini]
[2020.05.21-23.24.37:066][  0]LogConfig: Setting CVar [[r.TranslucencyLightingVolumeDim:64]]
[2020.05.21-23.24.37:066][  0]LogConfig: Setting CVar [[r.RefractionQuality:2]]
[2020.05.21-23.24.37:066][  0]LogConfig: Setting CVar [[r.SSR.Quality:3]]
[2020.05.21-23.24.37:066][  0]LogConfig: Setting CVar [[r.SSR.HalfResSceneColor:0]]
[2020.05.21-23.24.37:066][  0]LogConfig: Setting CVar [[r.SceneColorFormat:4]]
[2020.05.21-23.24.37:066][  0]LogConfig: Setting CVar [[r.DetailMode:2]]
[2020.05.21-23.24.37:066][  0]LogConfig: Setting CVar [[r.TranslucencyVolumeBlur:1]]
[2020.05.21-23.24.37:066][  0]LogConfig: Setting CVar [[r.MaterialQualityLevel:1 ; High quality]]
[2020.05.21-23.24.37:066][  0]LogConfig: Setting CVar [[r.SSS.Scale:1]]
[2020.05.21-23.24.37:066][  0]LogConfig: Setting CVar [[r.SSS.SampleSet:2]]
[2020.05.21-23.24.37:066][  0]LogConfig: Setting CVar [[r.SSS.Quality:1]]
[2020.05.21-23.24.37:066][  0]LogConfig: Setting CVar [[r.SSS.HalfRes:0]]
[2020.05.21-23.24.37:066][  0]LogConfig: Setting CVar [[r.SSGI.Quality:3]]
[2020.05.21-23.24.37:066][  0]LogConfig: Setting CVar [[r.EmitterSpawnRateScale:1.0]]
[2020.05.21-23.24.37:066][  0]LogConfig: Setting CVar [[r.ParticleLightQuality:2]]
[2020.05.21-23.24.37:066][  0]LogConfig: Setting CVar [[r.SkyAtmosphere.AerialPerspectiveLUT.FastApplyOnOpaque:1 ; Always have FastSkyLUT 1 in this case to avoid wrong sky]]
[2020.05.21-23.24.37:066][  0]LogConfig: Setting CVar [[r.SkyAtmosphere.AerialPerspectiveLUT.SampleCountPerSlice:1]]
[2020.05.21-23.24.37:066][  0]LogConfig: Setting CVar [[r.SkyAtmosphere.AerialPerspectiveLUT.DepthResolution:16.0]]
[2020.05.21-23.24.37:066][  0]LogConfig: Setting CVar [[r.SkyAtmosphere.FastSkyLUT:1]]
[2020.05.21-23.24.37:066][  0]LogConfig: Setting CVar [[r.SkyAtmosphere.FastSkyLUT.SampleCountMin:4.0]]
[2020.05.21-23.24.37:066][  0]LogConfig: Setting CVar [[r.SkyAtmosphere.FastSkyLUT.SampleCountMax:32.0]]
[2020.05.21-23.24.37:066][  0]LogConfig: Setting CVar [[r.SkyAtmosphere.SampleCountMin:4.0]]
[2020.05.21-23.24.37:066][  0]LogConfig: Setting CVar [[r.SkyAtmosphere.SampleCountMax:32.0]]
[2020.05.21-23.24.37:066][  0]LogConfig: Setting CVar [[r.SkyAtmosphere.TransmittanceLUT.UseSmallFormat:0]]
[2020.05.21-23.24.37:066][  0]LogConfig: Setting CVar [[r.SkyAtmosphere.TransmittanceLUT.SampleCount:10.0]]
[2020.05.21-23.24.37:066][  0]LogConfig: Setting CVar [[r.SkyAtmosphere.MultiScatteringLUT.SampleCount:15.0]]
[2020.05.21-23.24.37:066][  0]LogConfig: Applying CVar settings from Section [FoliageQuality@3] File [C:/Users/joaoamatos/Documents/Unreal Projects/PinballTut/Saved/Config/Windows/Scalability.ini]
[2020.05.21-23.24.37:066][  0]LogConfig: Setting CVar [[foliage.DensityScale:1.0]]
[2020.05.21-23.24.37:066][  0]LogConfig: Setting CVar [[grass.DensityScale:1.0]]
[2020.05.21-23.24.37:066][  0]LogConfig: Applying CVar settings from Section [ShadingQuality@3] File [C:/Users/joaoamatos/Documents/Unreal Projects/PinballTut/Saved/Config/Windows/Scalability.ini]
[2020.05.21-23.24.37:066][  0]LogConfig: Setting CVar [[r.HairStrands.SkyLighting.SampleCount:16]]
[2020.05.21-23.24.37:066][  0]LogConfig: Setting CVar [[r.HairStrands.SkyLighting.JitterIntegration:0]]
[2020.05.21-23.24.37:066][  0]LogConfig: Setting CVar [[r.HairStrands.SkyAO.SampleCount:16]]
[2020.05.21-23.24.37:066][  0]LogConfig: Setting CVar [[r.HairStrands.DeepShadow.SuperSampling:0]]
[2020.05.21-23.24.37:066][  0]LogConfig: Setting CVar [[r.HairStrands.VisibilityPPLL:0]]
[2020.05.21-23.24.37:066][  0]LogConfig: Setting CVar [[r.HairStrands.RasterizationScale:0.5]]
[2020.05.21-23.24.37:066][  0]LogConfig: Setting CVar [[r.HairStrands.VelocityRasterizationScale:1]]
[2020.05.21-23.24.37:067][  0]LogConfig: Applying CVar settings from Section [Startup] File [../../../Engine/Config/ConsoleVariables.ini]
[2020.05.21-23.24.37:068][  0]LogConfig: Setting CVar [[net.UseAdaptiveNetUpdateFrequency:0]]
[2020.05.21-23.24.37:068][  0]LogConfig: Setting CVar [[p.chaos.AllowCreatePhysxBodies:1]]
[2020.05.21-23.24.37:068][  0]LogConfig: Setting CVar [[fx.SkipVectorVMBackendOptimizations:1]]
[2020.05.21-23.24.37:068][  0]LogConfig: Applying CVar settings from Section [ConsoleVariables] File [C:/Users/joaoamatos/Documents/Unreal Projects/PinballTut/Saved/Config/Windows/Engine.ini]
[2020.05.21-23.24.37:068][  0]LogInit: Computer: DE-20L6PF1GPL8K
[2020.05.21-23.24.37:068][  0]LogInit: User: joaoamatos
[2020.05.21-23.24.37:068][  0]LogInit: CPU Page size=4096, Cores=4
[2020.05.21-23.24.37:068][  0]LogInit: High frequency timer resolution =10.000000 MHz
[2020.05.21-23.24.37:068][  0]LogMemory: Memory total: Physical=15.9GB (16GB approx)
[2020.05.21-23.24.37:068][  0]LogMemory: Platform Memory Stats for Windows
[2020.05.21-23.24.37:068][  0]LogMemory: Process Physical Memory: 118.21 MB used, 118.22 MB peak
[2020.05.21-23.24.37:068][  0]LogMemory: Process Virtual Memory: 97.57 MB used, 113.05 MB peak
[2020.05.21-23.24.37:068][  0]LogMemory: Physical Memory: 7388.21 MB used,  8866.32 MB free, 16254.53 MB total
[2020.05.21-23.24.37:068][  0]LogMemory: Virtual Memory: 5131.09 MB used,  134212600.00 MB free, 134217728.00 MB total
[2020.05.21-23.24.37:089][  0]LogWindows: WindowsPlatformFeatures enabled
[2020.05.21-23.24.37:211][  0]LogInit: Physics initialised using underlying interface: PhysX
[2020.05.21-23.24.37:214][  0]LogInit: Using OS detected language (en-US).
[2020.05.21-23.24.37:214][  0]LogInit: Using OS detected locale (de-DE).
[2020.05.21-23.24.37:232][  0]LogTextLocalizationManager: No specific localization for 'en-US' exists, so the 'en' localization will be used.
[2020.05.21-23.24.37:678][  0]LogInit: Setting process to per monitor DPI aware
[2020.05.21-23.24.37:790][  0]LogSlate: New Slate User Created.  User Index 0, Is Virtual User: 0
[2020.05.21-23.24.37:790][  0]LogSlate: Slate User Registered.  User Index 0, Is Virtual User: 0
[2020.05.21-23.24.38:524][  0]LogHMD: Failed to initialize OpenVR with code 110
[2020.05.21-23.24.38:524][  0]LogD3D11RHI: D3D11 min allowed feature level: 11_0
[2020.05.21-23.24.38:524][  0]LogD3D11RHI: D3D11 max allowed feature level: 11_0
[2020.05.21-23.24.38:524][  0]LogD3D11RHI: D3D11 adapters:
[2020.05.21-23.24.38:710][  0]LogD3D11RHI:    0. 'Intel(R) UHD Graphics 620' (Feature Level 11_0)
[2020.05.21-23.24.38:710][  0]LogD3D11RHI:       128/0/8127 MB DedicatedVideo/DedicatedSystem/SharedSystem, Outputs:1, VendorId:0x8086
[2020.05.21-23.24.38:716][  0]LogD3D11RHI:    1. 'Microsoft Basic Render Driver' (Feature Level 11_0)
[2020.05.21-23.24.38:716][  0]LogD3D11RHI:       0/0/8127 MB DedicatedVideo/DedicatedSystem/SharedSystem, Outputs:0, VendorId:0x1414
[2020.05.21-23.24.38:716][  0]LogD3D11RHI: Chosen D3D11 Adapter: 0
[2020.05.21-23.24.38:731][  0]LogD3D11RHI: Creating new Direct3DDevice
[2020.05.21-23.24.38:731][  0]LogD3D11RHI:     GPU DeviceId: 0x5917 (for the marketing name, search the web for "GPU Device Id")
[2020.05.21-23.24.38:731][  0]LogWindows: EnumDisplayDevices:
[2020.05.21-23.24.38:732][  0]LogWindows:    0. 'Intel(R) UHD Graphics 620' (P:1 D:1)
[2020.05.21-23.24.38:735][  0]LogWindows:    1. 'Intel(R) UHD Graphics 620' (P:0 D:0)
[2020.05.21-23.24.38:738][  0]LogWindows:    2. 'Intel(R) UHD Graphics 620' (P:0 D:0)
[2020.05.21-23.24.38:740][  0]LogWindows: DebugString: FoundDriverCount:3 
[2020.05.21-23.24.38:741][  0]LogD3D11RHI:     Adapter Name: Intel(R) UHD Graphics 620
[2020.05.21-23.24.38:741][  0]LogD3D11RHI:   Driver Version: 26.20.100.7261 (internal:26.20.100.7261, unified:26.20.100.7261)
[2020.05.21-23.24.38:741][  0]LogD3D11RHI:      Driver Date: 9-25-2019
[2020.05.21-23.24.38:741][  0]LogRHI: Texture pool is 1523 MB (70% of 2176 MB)
[2020.05.21-23.24.38:882][  0]LogD3D11RHI: RHI does not have support for 64 bit atomics
[2020.05.21-23.24.38:882][  0]LogD3D11RHI: [IntelMetricsDiscovery] Started
[2020.05.21-23.24.38:882][  0]LogD3D11RHI: Async texture creation enabled
[2020.05.21-23.24.38:882][  0]LogD3D11RHI: Array index from any shader is supported
[2020.05.21-23.24.38:895][  0]LogD3D11RHI: GPU Timing Frequency: 12.000048 (Debug: 2 0)
[2020.05.21-23.24.40:322][  0]LogTargetPlatformManager: Display: Loaded TargetPlatform 'AllDesktop'
[2020.05.21-23.24.40:376][  0]LogTargetPlatformManager: Display: Loaded TargetPlatform 'Android'
[2020.05.21-23.24.40:376][  0]LogTargetPlatformManager: Display: Loaded TargetPlatform 'Android_ASTC'
[2020.05.21-23.24.40:376][  0]LogTargetPlatformManager: Display: Loaded TargetPlatform 'Android_DXT'
[2020.05.21-23.24.40:376][  0]LogTargetPlatformManager: Display: Loaded TargetPlatform 'Android_ETC2'
[2020.05.21-23.24.40:376][  0]LogTargetPlatformManager: Display: Loaded TargetPlatform 'AndroidClient'
[2020.05.21-23.24.40:376][  0]LogTargetPlatformManager: Display: Loaded TargetPlatform 'Android_ASTCClient'
[2020.05.21-23.24.40:376][  0]LogTargetPlatformManager: Display: Loaded TargetPlatform 'Android_DXTClient'
[2020.05.21-23.24.40:376][  0]LogTargetPlatformManager: Display: Loaded TargetPlatform 'Android_ETC2Client'
[2020.05.21-23.24.40:376][  0]LogTargetPlatformManager: Display: Loaded TargetPlatform 'Android_Multi'
[2020.05.21-23.24.40:376][  0]LogTargetPlatformManager: Display: Loaded TargetPlatform 'Android_MultiClient'
[2020.05.21-23.24.40:451][  0]LogTargetPlatformManager: Display: Loaded TargetPlatform 'IOSClient'
[2020.05.21-23.24.40:451][  0]LogTargetPlatformManager: Display: Loaded TargetPlatform 'IOS'
[2020.05.21-23.24.40:483][  0]LogTargetPlatformManager: Display: Loaded TargetPlatform 'Linux'
[2020.05.21-23.24.40:520][  0]LogTargetPlatformManager: Display: Loaded TargetPlatform 'LinuxNoEditor'
[2020.05.21-23.24.40:558][  0]LogTargetPlatformManager: Display: Loaded TargetPlatform 'LinuxClient'
[2020.05.21-23.24.40:593][  0]LogTargetPlatformManager: Display: Loaded TargetPlatform 'LinuxServer'
[2020.05.21-23.24.40:623][  0]LogTargetPlatformManager: Display: Loaded TargetPlatform 'LinuxAArch64NoEditor'
[2020.05.21-23.24.40:658][  0]LogTargetPlatformManager: Display: Loaded TargetPlatform 'LinuxAArch64Client'
[2020.05.21-23.24.40:694][  0]LogTargetPlatformManager: Display: Loaded TargetPlatform 'LinuxAArch64Server'
[2020.05.21-23.24.40:774][  0]LogTargetPlatformManager: Display: Loaded TargetPlatform 'Lumin'
[2020.05.21-23.24.40:774][  0]LogTargetPlatformManager: Display: Loaded TargetPlatform 'LuminClient'
[2020.05.21-23.24.40:819][  0]LogTargetPlatformManager: Display: Loaded TargetPlatform 'TVOSClient'
[2020.05.21-23.24.40:819][  0]LogTargetPlatformManager: Display: Loaded TargetPlatform 'TVOS'
[2020.05.21-23.24.40:846][  0]LogTargetPlatformManager: Display: Loaded TargetPlatform 'WindowsNoEditor'
[2020.05.21-23.24.40:874][  0]LogTargetPlatformManager: Display: Loaded TargetPlatform 'Windows'
[2020.05.21-23.24.40:900][  0]LogTargetPlatformManager: Display: Loaded TargetPlatform 'WindowsClient'
[2020.05.21-23.24.40:929][  0]LogTargetPlatformManager: Display: Loaded TargetPlatform 'WindowsServer'
[2020.05.21-23.24.40:929][  0]LogTargetPlatformManager: Display: Building Assets For Windows
[2020.05.21-23.24.40:972][  0]LogAudioDebug: Display: Lib vorbis DLL was dynamically loaded.
[2020.05.21-23.24.41:228][  0]LogShaderCompilers: Guid format shader working directory is -21 characters bigger than the processId version (../../../../../../Users/joaoamatos/Documents/Unreal Projects/PinballTut/Intermediate/Shaders/WorkingDirectory/19992/).
[2020.05.21-23.24.41:228][  0]LogShaderCompilers: Cleaned the shader compiler working directory 'C:/Users/joaoamatos/AppData/Local/Temp/UnrealShaderWorkingDir/900AD8C44E4F5C7639439480122D308C/'.
[2020.05.21-23.24.41:230][  0]LogXGEController: Cannot use XGE Controller as Incredibuild is not installed on this machine.
[2020.05.21-23.24.41:231][  0]LogShaderCompilers: Cannot use XGE Shader Compiler as Incredibuild is not installed on this machine.
[2020.05.21-23.24.41:231][  0]LogShaderCompilers: Display: Using Local Shader Compiler.
[2020.05.21-23.24.43:283][  0]LogDerivedDataCache: Display: Max Cache Size: 512 MB
[2020.05.21-23.24.43:429][  0]LogDerivedDataCache: Loaded boot cache 0.15s 104MB C:/Users/joaoamatos/AppData/Local/UnrealEngine/4.25/DerivedDataCache/Boot.ddc.
[2020.05.21-23.24.43:430][  0]LogDerivedDataCache: Display: Loaded Boot cache: C:/Users/joaoamatos/AppData/Local/UnrealEngine/4.25/DerivedDataCache/Boot.ddc
[2020.05.21-23.24.43:430][  0]LogDerivedDataCache: FDerivedDataBackendGraph:  Pak pak cache file ../../../../../../Users/joaoamatos/Documents/Unreal Projects/PinballTut/DerivedDataCache/DDC.ddp not found, will not use a pak cache.
[2020.05.21-23.24.43:430][  0]LogDerivedDataCache: Unable to find inner node Pak for hierarchical cache Hierarchy.
[2020.05.21-23.24.43:430][  0]LogDerivedDataCache: FDerivedDataBackendGraph:  CompressedPak pak cache file ../../../../../../Users/joaoamatos/Documents/Unreal Projects/PinballTut/DerivedDataCache/Compressed.ddp not found, will not use a pak cache.
[2020.05.21-23.24.43:430][  0]LogDerivedDataCache: Unable to find inner node CompressedPak for hierarchical cache Hierarchy.
[2020.05.21-23.24.43:457][  0]LogDerivedDataCache: Display: Pak cache opened for reading ../../../Engine/DerivedDataCache/Compressed.ddp.
[2020.05.21-23.24.43:457][  0]LogDerivedDataCache: FDerivedDataBackendGraph:  EnterprisePak pak cache file ../../../Enterprise/DerivedDataCache/Compressed.ddp not found, will not use a pak cache.
[2020.05.21-23.24.43:457][  0]LogDerivedDataCache: Unable to find inner node EnterprisePak for hierarchical cache Hierarchy.
[2020.05.21-23.24.43:461][  0]LogDerivedDataCache: Using Local data cache path C:/Users/joaoamatos/AppData/Local/UnrealEngine/Common/DerivedDataCache: Writable
[2020.05.21-23.24.43:462][  0]LogDerivedDataCache: Shared data cache path not found in *engine.ini, will not use an Shared cache.
[2020.05.21-23.24.43:462][  0]LogDerivedDataCache: Unable to find inner node Shared for hierarchical cache Hierarchy.
[2020.05.21-23.24.43:606][  0]LogSlate: Using FreeType 2.10.0
[2020.05.21-23.24.43:609][  0]LogSlate: SlateFontServices - WITH_FREETYPE: 1, WITH_HARFBUZZ: 1
[2020.05.21-23.24.43:710][  0]LogAssetRegistry: FAssetRegistry took 0.0069 seconds to start up
[2020.05.21-23.24.44:419][  0]LogInit: Selected Device Profile: [Windows]
[2020.05.21-23.24.44:811][  0]LogMeshReduction: Using QuadricMeshReduction for automatic static mesh reduction
[2020.05.21-23.24.44:812][  0]LogMeshReduction: Using SimplygonMeshReduction for automatic skeletal mesh reduction
[2020.05.21-23.24.44:812][  0]LogMeshReduction: Using ProxyLODMeshReduction for automatic mesh merging
[2020.05.21-23.24.44:812][  0]LogMeshReduction: No distributed automatic mesh merging module available
[2020.05.21-23.24.44:812][  0]LogMeshMerging: No distributed automatic mesh merging module available
[2020.05.21-23.24.44:854][  0]LogNetVersion: PinballTut 1.0.0, NetCL: 13144385, EngineNetVer: 14, GameNetVer: 0 (Checksum: 1322042723)
[2020.05.21-23.24.46:270][  0]LogAISub: UAISubsystem::UAISubsystem AISubsystem (000001F87CF25800), frame # 0
[2020.05.21-23.24.46:271][  0]LogAISub: UAISubsystem::UAISubsystem AIPerceptionSystem (000001F87CE220C0), frame # 0
[2020.05.21-23.24.46:273][  0]LogAISub: UAISubsystem::UAISubsystem EnvQueryManager (000001F87BF86200), frame # 0
[2020.05.21-23.24.46:440][  0]LogPackageLocalizationCache: Processed 19 localized package path(s) for 1 prioritized culture(s) in 0.152181 seconds
[2020.05.21-23.24.46:451][  0]LogUObjectArray: 15917 objects as part of root set at end of initial load.
[2020.05.21-23.24.46:451][  0]LogUObjectAllocator: 3965568 out of 0 bytes used by permanent object pool.
[2020.05.21-23.24.46:451][  0]LogUObjectArray: CloseDisregardForGC: 0/0 objects in disregard for GC pool
[2020.05.21-23.24.47:882][  0]LogTcpMessaging: Initializing TcpMessaging bridge
[2020.05.21-23.24.47:895][  0]LogUdpMessaging: Initializing bridge on interface 0.0.0.0:0 to multicast group 230.0.0.1:6666.
[2020.05.21-23.24.48:201][  0]SourceControl: Source control is disabled
[2020.05.21-23.24.48:201][  0]SourceControl: Source control is disabled
[2020.05.21-23.24.48:214][  0]SourceControl: Source control is disabled
[2020.05.21-23.24.48:224][  0]SourceControl: Source control is disabled
[2020.05.21-23.24.48:266][  0]SourceControl: Source control is disabled
[2020.05.21-23.24.48:310][  0]LogVSAccessor: Display: Unable to create Visual Studio setup instance: 80040154
[2020.05.21-23.24.48:311][  0]LogVSAccessor: Display: Unable to create Visual Studio setup instance: 80040154
[2020.05.21-23.24.49:232][  0]LogAndroidPermission: UAndroidPermissionCallbackProxy::GetInstance
[2020.05.21-23.24.49:323][  0]LogAudioCaptureCore: Display: No Audio Capture implementations found. Audio input will be silent.
[2020.05.21-23.24.49:323][  0]LogAudioCaptureCore: Display: No Audio Capture implementations found. Audio input will be silent.
[2020.05.21-23.24.49:528][  0]LogOcInput: OculusInput pre-init called
[2020.05.21-23.24.49:560][  0]LogWindows: Failed to load 'OVRPlugin.dll' (GetLastError=126)
[2020.05.21-23.24.49:560][  0]LogWindows: File 'OVRPlugin.dll' does not exist
[2020.05.21-23.24.49:718][  0]LogEngine: Initializing Engine...
[2020.05.21-23.24.49:722][  0]LogHMD: Failed to initialize OpenVR with code 110
[2020.05.21-23.24.49:722][  0]LogMagicLeap: Warning: VR disabled because ZI is not enabled.  To enable, in the editor, Edit -> Project Settings -> Plugins -> Magic Leap Plugin -> Enable Zero Iteration
[2020.05.21-23.24.49:724][  0]LogStats: UGameplayTagsManager::InitializeManager -  0.000 s
[2020.05.21-23.24.50:005][  0]LogInit: Initializing FReadOnlyCVARCache
[2020.05.21-23.24.50:037][  0]LogAIModule: Creating AISystem for world Untitled
[2020.05.21-23.24.50:038][  0]LogAISub: UAISubsystem::UAISubsystem EnvQueryManager (000001F8015A1800), frame # 0
[2020.05.21-23.24.50:038][  0]LogAISub: UAISubsystem::UAISubsystem AIPerceptionSystem (000001F8015A6FC0), frame # 0
[2020.05.21-23.24.50:396][  0]LogAudioMixer: Display: Audio Mixer Platform Settings:
[2020.05.21-23.24.50:397][  0]LogAudioMixer: Display: 	Sample Rate:						  48000
[2020.05.21-23.24.50:397][  0]LogAudioMixer: Display: 	Callback Buffer Frame Size Requested: 1024
[2020.05.21-23.24.50:397][  0]LogAudioMixer: Display: 	Callback Buffer Frame Size To Use:	  1024
[2020.05.21-23.24.50:397][  0]LogAudioMixer: Display: 	Number of buffers to queue:			  2
[2020.05.21-23.24.50:397][  0]LogAudioMixer: Display: 	Max Channels (voices):				  32
[2020.05.21-23.24.50:397][  0]LogAudioMixer: Display: 	Number of Async Source Workers:		  0
[2020.05.21-23.24.50:397][  0]LogAudio: Display: AudioDevice MaxSources: 32
[2020.05.21-23.24.50:398][  0]LogAudio: Display: Using built-in audio occlusion.
[2020.05.21-23.24.50:398][  0]LogAudioMixer: Display: Initializing audio mixer.
[2020.05.21-23.24.50:570][  0]LogAudioMixer: Display: 0: FrontLeft
[2020.05.21-23.24.50:570][  0]LogAudioMixer: Display: 1: FrontRight
[2020.05.21-23.24.52:016][  0]LogAudioMixer: Display: Using Audio Device Speaker/HP (Realtek(R) Audio)
[2020.05.21-23.24.52:018][  0]LogAudioMixer: Display: Initializing Sound Submixes...
[2020.05.21-23.24.52:025][  0]LogAudioMixer: Display: Creating Master Submix 'MasterSubmixDefault'
[2020.05.21-23.24.52:025][  0]LogAudioMixer: Display: Creating Master Submix 'MasterReverbSubmixDefault'
[2020.05.21-23.24.52:027][  0]LogAudioMixer: Display: Creating Master Submix 'MasterEQSubmixDefault'
[2020.05.21-23.24.52:034][  0]LogInit: FAudioDevice initialized.
[2020.05.21-23.24.52:034][  0]LogNetVersion: Set ProjectVersion to 1.0.0.0. Version Checksum will be recalculated on next use.
[2020.05.21-23.24.52:184][  0]LogDerivedDataCache: Saved boot cache 0.15s 104MB C:/Users/joaoamatos/AppData/Local/UnrealEngine/4.25/DerivedDataCache/Boot.ddc.
[2020.05.21-23.24.52:192][  0]LogInit: Texture streaming: Enabled
[2020.05.21-23.24.52:308][  0]LogEngineSessionManager: EngineSessionManager initialized
[2020.05.21-23.24.52:308][  0]LogEditorSessionSummary: Verbose: Initializing EditorSessionSummaryWriter for editor session tracking
[2020.05.21-23.24.52:340][  0]LogEditorSessionSummary: EditorSessionSummaryWriter initialized
[2020.05.21-23.24.52:535][  0]LogInit: Transaction tracking system initialized
[2020.05.21-23.24.52:685][  0]BlueprintLog: New page: Editor Load
[2020.05.21-23.24.53:160][  0]LocalizationService: Localization service is disabled
[2020.05.21-23.24.53:807][  0]LogVSAccessor: Display: Unable to create Visual Studio setup instance: 80040154
[2020.05.21-23.24.53:811][  0]LogVSAccessor: Display: Unable to create Visual Studio setup instance: 80040154
[2020.05.21-23.24.54:259][  0]LogCook: Display: Max memory allowance for cook 16384mb min free memory 0mb
[2020.05.21-23.24.54:260][  0]LogCook: Display: Mobile HDR setting 1
[2020.05.21-23.24.54:857][  0]LogFileCache: Scanning file cache for directory 'C:/Users/joaoamatos/Documents/Unreal Projects/PinballTut/Content/' took 0.01s
[2020.05.21-23.24.55:489][  0]SourceControl: Source control is disabled
[2020.05.21-23.24.55:759][  0]LogSlate: Took 0.002324 seconds to synchronously load lazily loaded font '../../../Engine/Content/Slate/Fonts/Roboto-Regular.ttf' (155K)
[2020.05.21-23.25.56:922][  0]LogSlate: Window 'Restore Packages' being destroyed
[2020.05.21-23.25.56:927][  0]LogWindowsTextInputMethodSystem: Display: IME system now deactivated.
[2020.05.21-23.25.56:976][  0]LogWindowsTextInputMethodSystem: Display: IME system now deactivated.
[2020.05.21-23.26.02:860][  0]LogSlate: Window 'Unable to Check Out From Source Control!' being destroyed
[2020.05.21-23.26.02:864][  0]LogWindowsTextInputMethodSystem: Display: IME system now deactivated.
[2020.05.21-23.26.02:881][  0]Message dialog closed, result: Ok, title: Unable to Check Out From Source Control!, text: The following assets could not be successfully checked out from source control:
/Game/Levels/Untitled
/Game/Blueprints/BP_DropTargetSet
[2020.05.21-23.26.02:929][  0]LogWindowsTextInputMethodSystem: Display: IME system now deactivated.
[2020.05.21-23.26.02:933][  0]LogUnrealEdMisc: Loading editor; pre map load, took 92.052
[2020.05.21-23.26.02:935][  0]Cmd: MAP LOAD FILE="../../../Engine/Content/Maps/Templates/Template_Default.umap" TEMPLATE=1 SHOWPROGRESS=1 FEATURELEVEL=3
[2020.05.21-23.26.02:940][  0]LightingResults: New page: Lighting Build
[2020.05.21-23.26.02:947][  0]LogWorld: UWorld::CleanupWorld for Untitled, bSessionEnded=true, bCleanupResources=true
[2020.05.21-23.26.02:947][  0]LogSlate: InvalidateAllWidgets triggered.  All widgets were invalidated
[2020.05.21-23.26.02:948][  0]MapCheck: New page: Map Check
[2020.05.21-23.26.02:948][  0]LightingResults: New page: Lighting Build
[2020.05.21-23.26.03:005][  0]LogAISub: UAISubsystem::~UAISubsystem EnvQueryManager (000001F8015A1800), frame # 0
[2020.05.21-23.26.03:005][  0]LogAISub: UAISubsystem::~UAISubsystem AIPerceptionSystem (000001F8015A6FC0), frame # 0
[2020.05.21-23.26.03:013][  0]LogUObjectHash: Compacting FUObjectHashTables data took   6.16ms
[2020.05.21-23.26.03:224][  0]LogAIModule: Creating AISystem for world Untitled_1
[2020.05.21-23.26.03:224][  0]LogAISub: UAISubsystem::UAISubsystem EnvQueryManager (000001F80C7F5600), frame # 0
[2020.05.21-23.26.03:224][  0]LogAISub: UAISubsystem::UAISubsystem AIPerceptionSystem (000001F80C5E47C0), frame # 0
[2020.05.21-23.26.03:231][  0]LogEditorServer: Finished looking for orphan Actors (0.000 secs)
[2020.05.21-23.26.03:251][  0]LogUObjectHash: Compacting FUObjectHashTables data took   1.82ms
[2020.05.21-23.26.03:252][  0]Cmd: MAP CHECKDEP NOCLEARLOG
[2020.05.21-23.26.03:252][  0]MapCheck: Map check complete: 0 Error(s), 0 Warning(s), took 0,446ms to complete.
[2020.05.21-23.26.03:252][  0]LogFileHelpers: Loading map 'Template_Default' took 0.317
[2020.05.21-23.26.03:255][  0]LogUnrealEdMisc: Total Editor Startup Time, took 92.375
[2020.05.21-23.26.03:485][  0]LogSlate: Updating window title bar state: overlay mode, drag disabled, window buttons hidden, title bar hidden
[2020.05.21-23.26.03:501][  0]LogSlate: Updating window title bar state: overlay mode, drag disabled, window buttons hidden, title bar hidden
[2020.05.21-23.26.03:519][  0]LogSlate: Updating window title bar state: overlay mode, drag disabled, window buttons hidden, title bar hidden
[2020.05.21-23.26.03:535][  0]LogSlate: Updating window title bar state: overlay mode, drag disabled, window buttons hidden, title bar hidden
[2020.05.21-23.26.03:574][  0]LogCollectionManager: Loaded 0 collections in 0.005440 seconds
[2020.05.21-23.26.03:612][  0]LogFileCache: Scanning file cache for directory 'C:/Users/joaoamatos/Documents/Unreal Projects/PinballTut/Saved/Collections/' took 0.00s
[2020.05.21-23.26.03:612][  0]LogFileCache: Scanning file cache for directory 'C:/Users/joaoamatos/Documents/Unreal Projects/PinballTut/Content/Developers/joaoamatos/Collections/' took 0.00s
[2020.05.21-23.26.03:612][  0]LogFileCache: Scanning file cache for directory 'C:/Users/joaoamatos/Documents/Unreal Projects/PinballTut/Content/Collections/' took 0.00s
[2020.05.21-23.26.03:612][  0]LogContentBrowser: Native class hierarchy populated in 0.0221 seconds. Added 3426 classes and 820 folders.
[2020.05.21-23.26.03:626][  0]LogContentBrowser: Native class hierarchy updated for 'WidgetCarousel' in 0.0007 seconds. Added 0 classes and 0 folders.
[2020.05.21-23.26.04:130][  0]LogContentBrowser: Native class hierarchy updated for 'AddContentDialog' in 0.0012 seconds. Added 0 classes and 0 folders.
[2020.05.21-23.26.04:244][  0]LogSlate: Took 0.003085 seconds to synchronously load lazily loaded font '../../../Engine/Content/Slate/Fonts/Roboto-Bold.ttf' (160K)
[2020.05.21-23.26.04:263][  0]LogSlate: Took 0.002953 seconds to synchronously load lazily loaded font '../../../Engine/Content/Editor/Slate/Fonts/FontAwesome.ttf' (139K)
[2020.05.21-23.26.04:401][  0]LogRenderer: Reallocating scene render targets to support 1516x616 Format 10 NumSamples 1 (Frame:1).
[2020.05.21-23.26.05:441][  0]LogContentBrowser: Native class hierarchy updated for 'HierarchicalLODOutliner' in 0.0006 seconds. Added 0 classes and 0 folders.
[2020.05.21-23.26.05:441][  0]LogLoad: (Engine Initialization) Total time: 94.56 seconds
[2020.05.21-23.26.05:441][  0]LogLoad: (Engine Initialization) Total Blueprint compile time: 0.00 seconds
[2020.05.21-23.26.05:522][  0]LogContentStreaming: Texture pool size now 1000 MB
[2020.05.21-23.26.05:571][  0]LogSlate: Took 0.000735 seconds to synchronously load lazily loaded font '../../../Engine/Content/Slate/Fonts/Roboto-Light.ttf' (167K)
[2020.05.21-23.26.05:626][  1]LogAssetRegistry: Asset discovery search completed in 81.9194 seconds
[2020.05.21-23.26.05:633][  1]LogCollectionManager: Fixed up redirectors for 0 collections in 0.000004 seconds (updated 0 objects)
[2020.05.21-23.26.09:444][ 97]LogSlate: Took 0.000935 seconds to synchronously load lazily loaded font '../../../Engine/Content/Slate/Fonts/Roboto-Light.ttf' (167K)
[2020.05.21-23.26.10:424][ 97]LogAssetEditorSubsystem: Opening Asset editor for World /Game/Levels/Untitled.Untitled
[2020.05.21-23.26.10:493][ 97]LogUObjectHash: Compacting FUObjectHashTables data took   3.55ms
[2020.05.21-23.26.10:503][ 97]Cmd: MAP LOAD FILE="../../../../../../Users/joaoamatos/Documents/Unreal Projects/PinballTut/Content/Levels/Untitled.umap" TEMPLATE=0 SHOWPROGRESS=1 FEATURELEVEL=3
[2020.05.21-23.26.10:503][ 97]LightingResults: New page: Lighting Build
[2020.05.21-23.26.10:503][ 97]LoadErrors: New page: Loading map: Untitled.umap
[2020.05.21-23.26.10:504][ 97]LogWorld: UWorld::CleanupWorld for Untitled_1, bSessionEnded=true, bCleanupResources=true
[2020.05.21-23.26.10:504][ 97]LogSlate: InvalidateAllWidgets triggered.  All widgets were invalidated
[2020.05.21-23.26.10:504][ 97]MapCheck: New page: Map Check
[2020.05.21-23.26.10:504][ 97]LightingResults: New page: Lighting Build
[2020.05.21-23.26.10:530][ 97]LogAISub: UAISubsystem::~UAISubsystem EnvQueryManager (000001F80C7F5600), frame # 97
[2020.05.21-23.26.10:530][ 97]LogAISub: UAISubsystem::~UAISubsystem AIPerceptionSystem (000001F80C5E47C0), frame # 97
[2020.05.21-23.26.10:533][ 97]LogUObjectHash: Compacting FUObjectHashTables data took   2.98ms
[2020.05.21-23.26.10:650][ 97]LogEditorServer: Finished looking for orphan Actors (0.000 secs)
[2020.05.21-23.26.10:651][ 97]LogAIModule: Creating AISystem for world Untitled
[2020.05.21-23.26.10:651][ 97]LogAISub: UAISubsystem::UAISubsystem EnvQueryManager (000001F80C6F4600), frame # 97
[2020.05.21-23.26.10:651][ 97]LogAISub: UAISubsystem::UAISubsystem AIPerceptionSystem (000001F816B17600), frame # 97
[2020.05.21-23.26.10:692][ 97]LogUObjectHash: Compacting FUObjectHashTables data took   2.83ms
[2020.05.21-23.26.10:751][ 97]Cmd: MAP CHECKDEP NOCLEARLOG
[2020.05.21-23.26.10:752][ 97]MapCheck: Map check complete: 0 Error(s), 0 Warning(s), took 0,417ms to complete.
[2020.05.21-23.26.10:752][ 97]LogFileHelpers: Loading map 'Untitled' took 0.249
[2020.05.21-23.26.18:591][172]LogAssetEditorSubsystem: Opening Asset editor for Blueprint /Game/Blueprints/BP_Spinner.BP_Spinner
[2020.05.21-23.26.19:722][172]LogContentBrowser: Native class hierarchy updated for 'BlueprintGraph' in 0.0025 seconds. Added 125 classes and 0 folders.
[2020.05.21-23.26.23:768][172]LogSlate: Took 0.001544 seconds to synchronously load lazily loaded font '../../../Engine/Content/Slate/Fonts/Roboto-BoldCondensed.ttf' (158K)
[2020.05.21-23.26.26:249][206]LogRenderer: Reallocating scene render targets to support 1516x712 Format 10 NumSamples 1 (Frame:1).
[2020.05.21-23.26.29:762][229]LogSlate: Took 0.003593 seconds to synchronously load lazily loaded font '../../../Engine/Content/Slate/Fonts/Roboto-Italic.ttf' (157K)
[2020.05.21-23.27.35:034][686]LogD3D11RHI: GetQueryData is taking a very long time (5.0 s)
[2020.05.21-23.27.40:034][686]LogD3D11RHI: GetQueryData is taking a very long time (10.0 s)
[2020.05.21-23.27.45:035][686]LogD3D11RHI: GetQueryData is taking a very long time (15.0 s)
[2020.05.21-23.27.50:036][686]LogD3D11RHI: GetQueryData is taking a very long time (20.0 s)
[2020.05.21-23.27.55:035][686]LogD3D11RHI: GetQueryData is taking a very long time (25.0 s)
[2020.05.21-23.28.00:045][686]LogD3D11RHI: GetQueryData is taking a very long time (30.0 s)
[2020.05.21-23.28.00:045][686]LogD3D11RHI: Timed out while waiting for GPU to catch up. (30.0 s) (ErrorCode 00000001)
[2020.05.21-23.28.00:045][686]LogWindows: Windows GetLastError: The operation completed successfully. (0)
[2020.05.21-23.28.07:506][686]LogOutputDevice: Warning: 

Script Stack (0 frames):

[2020.05.21-23.28.07:506][686]LogWindows: Windows GetLastError: The operation completed successfully. (0)
[2020.05.21-23.28.07:510][686]LogWindows: Error: === Critical error: ===
[2020.05.21-23.28.07:510][686]LogWindows: Error: 
[2020.05.21-23.28.07:510][686]LogWindows: Error: Fatal error: [File:D:/Build/++UE4+Licensee/Sync/Engine/Source/Runtime/RenderCore/Private/RenderingThread.cpp] [Line: 855] 
[2020.05.21-23.28.07:510][686]LogWindows: Error: Rendering thread exception:
[2020.05.21-23.28.07:510][686]LogWindows: Error: Assertion failed: GD3D11RHI->GetQueryData(Query->Resource, &Query->Result, sizeof(Query->Result), Query->QueryType, true, false) [File:D:/Build/++UE4+Licensee/Sync/Engine/Source/Runtime/Windows/D3D11RHI/Private/D3D11Query.cpp] [Line: 45] 
[2020.05.21-23.28.07:510][686]LogWindows: Error: 
[2020.05.21-23.28.07:510][686]LogWindows: Error: 
[2020.05.21-23.28.07:510][686]LogWindows: Error: 
[2020.05.21-23.28.07:511][686]LogWindows: Error: [Callstack] 0x00007ffdd4bd9709 KERNELBASE.dll!UnknownFunction []
[2020.05.21-23.28.07:511][686]LogWindows: Error: [Callstack] 0x00007ffd76060b06 UE4Editor-Core.dll!UnknownFunction []
[2020.05.21-23.28.07:511][686]LogWindows: Error: [Callstack] 0x00007ffd76063ee8 UE4Editor-Core.dll!UnknownFunction []
[2020.05.21-23.28.07:511][686]LogWindows: Error: [Callstack] 0x00007ffd75df0c0d UE4Editor-Core.dll!UnknownFunction []
[2020.05.21-23.28.07:511][686]LogWindows: Error: [Callstack] 0x00007ffd75d7be95 UE4Editor-Core.dll!UnknownFunction []
[2020.05.21-23.28.07:511][686]LogWindows: Error: [Callstack] 0x00007ffd75d7e1d0 UE4Editor-Core.dll!UnknownFunction []
[2020.05.21-23.28.07:511][686]LogWindows: Error: [Callstack] 0x00007ffd4d92044e UE4Editor-D3D11RHI.dll!UnknownFunction []
[2020.05.21-23.28.07:511][686]LogWindows: Error: [Callstack] 0x00007ffd4d92f94f UE4Editor-D3D11RHI.dll!UnknownFunction []
[2020.05.21-23.28.07:511][686]LogWindows: Error: [Callstack] 0x00007ffdb0080bae UE4Editor-RHI.dll!UnknownFunction []
[2020.05.21-23.28.07:511][686]LogWindows: Error: [Callstack] 0x00007ffda1ae673d UE4Editor-RenderCore.dll!UnknownFunction []
[2020.05.21-23.28.07:511][686]LogWindows: Error: [Callstack] 0x00007ffda1b03926 UE4Editor-RenderCore.dll!UnknownFunction []
[2020.05.21-23.28.07:511][686]LogWindows: Error: [Callstack] 0x00007ffda1b0f802 UE4Editor-RenderCore.dll!UnknownFunction []
[2020.05.21-23.28.07:511][686]LogWindows: Error: [Callstack] 0x00007ffd75b988d8 UE4Editor-Core.dll!UnknownFunction []
[2020.05.21-23.28.07:511][686]LogWindows: Error: [Callstack] 0x00007ffd75b98ba3 UE4Editor-Core.dll!UnknownFunction []
[2020.05.21-23.28.07:512][686]LogWindows: Error: [Callstack] 0x00007ffda1b2f7f2 UE4Editor-RenderCore.dll!UnknownFunction []
[2020.05.21-23.28.07:512][686]LogWindows: Error: [Callstack] 0x00007ffda1b35334 UE4Editor-RenderCore.dll!UnknownFunction []
[2020.05.21-23.28.07:512][686]LogWindows: Error: [Callstack] 0x00007ffd7608239b UE4Editor-Core.dll!UnknownFunction []
[2020.05.21-23.28.07:512][686]LogWindows: Error: [Callstack] 0x00007ffd76079d90 UE4Editor-Core.dll!UnknownFunction []
[2020.05.21-23.28.07:512][686]LogWindows: Error: [Callstack] 0x00007ffdd7dc7974 KERNEL32.DLL!UnknownFunction []
[2020.05.21-23.28.07:512][686]LogWindows: Error: [Callstack] 0x00007ffdd8aca271 ntdll.dll!UnknownFunction []
[2020.05.21-23.28.07:512][686]LogWindows: Error: 
[2020.05.21-23.28.07:512][686]LogWindows: Error: 
[2020.05.21-23.28.07:512][686]LogWindows: Error: 
[2020.05.21-23.28.07:512][686]LogWindows: Error: 
[2020.05.21-23.28.07:551][686]LogExit: Executing StaticShutdownAfterError
[2020.05.21-23.28.07:562][686]LogWindows: FPlatformMisc::RequestExit(1)
[2020.05.21-23.28.07:562][686]LogCore: Engine exit requested (reason: Win RequestExit)
[2020.05.21-23.28.07:574][686]Log file closed, 05/22/20 01:28:07
